Crashlog created at 2017-01-14 20:32:14 -0400

===== MESSAGE:

Errno::EADDRINUSE: Address already in use - bind(2) for 0.0.0.0:3000

===== COMPILATION STACK:

  (empty)

===== STACK TRACE:

  0. /Users/pitosalas/.rbenv/versions/2.3.1/lib/ruby/2.3.0/socket.rb:205:in `bind'
  1. /Users/pitosalas/.rbenv/versions/2.3.1/lib/ruby/2.3.0/socket.rb:205:in `listen'
  2. /Users/pitosalas/.rbenv/versions/2.3.1/lib/ruby/2.3.0/socket.rb:759:in `block in tcp_server_sockets'
  3. /Users/pitosalas/.rbenv/versions/2.3.1/lib/ruby/2.3.0/socket.rb:231:in `each'
  4. /Users/pitosalas/.rbenv/versions/2.3.1/lib/ruby/2.3.0/socket.rb:231:in `foreach'
  5. /Users/pitosalas/.rbenv/versions/2.3.1/lib/ruby/2.3.0/socket.rb:757:in `tcp_server_sockets'
  6. /Users/pitosalas/.rbenv/versions/2.3.1/lib/ruby/2.3.0/webrick/utils.rb:65:in `create_listeners'
  7. /Users/pitosalas/.rbenv/versions/2.3.1/lib/ruby/2.3.0/webrick/server.rb:134:in `listen'
  8. /Users/pitosalas/.rbenv/versions/2.3.1/lib/ruby/2.3.0/webrick/server.rb:115:in `initialize'
  9. /Users/pitosalas/.rbenv/versions/2.3.1/lib/ruby/2.3.0/webrick/httpserver.rb:47:in `initialize'
  10. /Users/pitosalas/.rbenv/versions/2.3.1/lib/ruby/gems/2.3.0/gems/rack-1.6.5/lib/rack/handler/webrick.rb:31:in `new'
  11. /Users/pitosalas/.rbenv/versions/2.3.1/lib/ruby/gems/2.3.0/gems/rack-1.6.5/lib/rack/handler/webrick.rb:31:in `run'
  12. /Users/pitosalas/.rbenv/versions/2.3.1/lib/ruby/gems/2.3.0/gems/nanoc-4.3.7/lib/nanoc/cli/commands/view.rb:52:in `run'
  13. /Users/pitosalas/.rbenv/versions/2.3.1/lib/ruby/gems/2.3.0/gems/nanoc-4.3.7/lib/nanoc/cli/command_runner.rb:12:in `block in call'
  14. /Users/pitosalas/.rbenv/versions/2.3.1/lib/ruby/gems/2.3.0/gems/nanoc-4.3.7/lib/nanoc/cli/error_handler.rb:64:in `handle_while'
  15. /Users/pitosalas/.rbenv/versions/2.3.1/lib/ruby/gems/2.3.0/gems/nanoc-4.3.7/lib/nanoc/cli/error_handler.rb:22:in `handle_while'
  16. /Users/pitosalas/.rbenv/versions/2.3.1/lib/ruby/gems/2.3.0/gems/nanoc-4.3.7/lib/nanoc/cli/command_runner.rb:11:in `call'
  17. /Users/pitosalas/.rbenv/versions/2.3.1/lib/ruby/gems/2.3.0/gems/cri-2.7.0/lib/cri/command_dsl.rb:233:in `block in runner'
  18. /Users/pitosalas/.rbenv/versions/2.3.1/lib/ruby/gems/2.3.0/gems/cri-2.7.0/lib/cri/command.rb:294:in `run_this'
  19. /Users/pitosalas/.rbenv/versions/2.3.1/lib/ruby/gems/2.3.0/gems/cri-2.7.0/lib/cri/command.rb:247:in `run'
  20. /Users/pitosalas/.rbenv/versions/2.3.1/lib/ruby/gems/2.3.0/gems/cri-2.7.0/lib/cri/command.rb:260:in `run'
  21. /Users/pitosalas/.rbenv/versions/2.3.1/lib/ruby/gems/2.3.0/gems/nanoc-4.3.7/lib/nanoc/cli.rb:46:in `block in run'
  22. /Users/pitosalas/.rbenv/versions/2.3.1/lib/ruby/gems/2.3.0/gems/nanoc-4.3.7/lib/nanoc/cli/error_handler.rb:64:in `handle_while'
  23. /Users/pitosalas/.rbenv/versions/2.3.1/lib/ruby/gems/2.3.0/gems/nanoc-4.3.7/lib/nanoc/cli/error_handler.rb:22:in `handle_while'
  24. /Users/pitosalas/.rbenv/versions/2.3.1/lib/ruby/gems/2.3.0/gems/nanoc-4.3.7/lib/nanoc/cli.rb:44:in `run'
  25. /Users/pitosalas/.rbenv/versions/2.3.1/lib/ruby/gems/2.3.0/gems/nanoc-4.3.7/bin/nanoc:9:in `<top (required)>'
  26. /Users/pitosalas/.rbenv/versions/2.3.1/bin/nanoc:23:in `load'

===== VERSION INFORMATION:

Nanoc 4.3.7 © 2007-2016 Denis Defreyne.
Running ruby 2.3.1 (2016-04-26) on x86_64-darwin15 with RubyGems 2.5.1.

===== SYSTEM INFORMATION:

Darwin TinyMonster.local 16.4.0 Darwin Kernel Version 16.4.0: Thu Dec 22 21:39:33 PST 2016; root:xnu-3789.41.3~2/RELEASE_X86_64 x86_64

===== INSTALLED GEMS:

  activemodel 4.2.4, 4.2.5, 4.2.7.1, 5.0.0.1
  activerecord 4.2.5, 4.2.7.1, 5.0.0.1
  activesupport 4.2.4, 4.2.5, 4.2.7.1, 5.0.0, 5.0.0.1
  addressable 2.4.0
  adsf 1.2.1
  amq-protocol 1.9.2, 2.0.1
  arel 6.0.3, 7.1.1, 7.1.2, 7.1.4
  ast 2.3.0
  axiom-types 0.1.1
  backports 3.6.7, 3.6.8
  bcrypt 3.1.11
  bigdecimal 1.2.8
  buftok 0.2.0
  builder 3.2.2
  bulk_insert 1.3.0
  bundler 1.12.5, 1.13.5
  bunny 1.7.0, 2.6.1
  byebug 9.0.6
  celluloid 0.16.0
  chronic_duration 0.10.6
  codeclimate-engine-rb 0.3.1
  coderay 1.1.1
  coercible 1.0.0
  colored 1.2
  concurrent-ruby 1.0.2
  coursegen 0.3.2, 0.4.0
  cri 2.7.0
  database_cleaner 1.5.1, 1.5.3
  descendants_tracker 0.0.4
  did_you_mean 1.0.0
  diff-lcs 1.2.5
  domain_name 0.5.20160826
  equalizer 0.0.10, 0.0.11
  faker 1.6.6
  faraday 0.9.2
  ffi 1.9.14
  formatador 0.2.5
  guard 2.14.0
  guard-compat 1.2.1
  guard-minitest 2.4.6
  guard-shell 0.7.1
  hamster 3.0.0
  hitimes 1.2.2
  http 1.0.4
  http-cookie 1.0.2
  http-form_data 1.0.1
  http_parser.rb 0.6.0
  i18n 0.7.0
  icalendar 2.4.0
  ice_nine 0.11.2
  io-console 0.4.5
  json 1.8.3
  kramdown 1.11.1
  listen 3.1.5
  lumberjack 1.0.10
  m 1.5.0
  memoizable 0.4.2
  method_source 0.8.2
  mini_portile2 2.1.0
  minitest 5.8.0, 5.8.2, 5.8.3, 5.9.0, 5.9.1, 5.10.0
  multi_json 1.11.2, 1.12.1
  multipart-post 2.0.0
  nanoc 4.3.7
  naught 1.1.0
  nenv 0.3.0
  net-telnet 0.1.1
  newrelic_rpm 3.17.1.326
  nokogiri 1.6.8
  notiffany 0.1.1
  numerizer 0.1.1
  parallel 1.9.0
  parser 2.3.1.2
  pg 0.18.3, 0.18.4, 0.19.0
  pkg-config 1.1.7
  power_assert 0.2.6
  powerpack 0.1.1
  pry 0.10.4
  psych 2.0.17
  puma 2.15.3, 3.6.0, 3.6.2
  rack 1.6.4, 1.6.5
  rack-flash3 1.0.5
  rack-protection 1.5.3
  rack-test 0.6.3
  rainbow 2.1.0
  rake 10.4.2, 11.3.0
  rb-fsevent 0.9.7, 0.9.8
  rb-inotify 0.9.7
  rdoc 4.2.1
  redis 3.3.2
  reek 4.3.0, 4.4.0
  ref 2.0.0
  rspec 3.5.0
  rspec-core 3.5.3
  rspec-expectations 3.5.0
  rspec-mocks 3.5.0
  rspec-support 3.5.0
  rubocop 0.42.0
  ruby-progressbar 1.8.1
  ruby_dep 1.3.1, 1.5.0
  rubytree 0.9.7
  shellany 0.0.1
  simple_oauth 0.3.1
  sinatra 1.4.7
  sinatra-activerecord 2.0.10, 2.0.11
  sinatra-contrib 1.4.7
  slop 3.6.0
  spec 5.3.4
  sqlite3 1.3.11, 1.3.12
  structured_warnings 0.2.0
  test-unit 3.1.5
  thor 0.19.1, 0.19.4
  thread_safe 0.3.5
  tilt 2.0.1, 2.0.5
  timers 4.0.1
  twitter 5.16.0
  tzinfo 1.2.2
  unf 0.1.4
  unf_ext 0.0.7.2
  unicode-display_width 1.1.0
  virtus 1.0.5

===== LOAD PATHS:

  0. /Users/pitosalas/.rbenv/versions/2.3.1/lib/ruby/gems/2.3.0/gems/ref-2.0.0/lib
  1. /usr/local/Cellar/rbenv/1.0.0/rbenv.d/exec/gem-rehash
  2. /Users/pitosalas/.rbenv/versions/2.3.1/lib/ruby/gems/2.3.0/gems/did_you_mean-1.0.0/lib
  3. /Users/pitosalas/.rbenv/versions/2.3.1/lib/ruby/gems/2.3.0/gems/colored-1.2/lib
  4. /Users/pitosalas/.rbenv/versions/2.3.1/lib/ruby/gems/2.3.0/gems/cri-2.7.0/lib
  5. /Users/pitosalas/.rbenv/versions/2.3.1/lib/ruby/gems/2.3.0/gems/concurrent-ruby-1.0.2/lib
  6. /Users/pitosalas/.rbenv/versions/2.3.1/lib/ruby/gems/2.3.0/gems/hamster-3.0.0/lib
  7. /Users/pitosalas/.rbenv/versions/2.3.1/lib/ruby/gems/2.3.0/gems/ref-2.0.0/lib
  8. /Users/pitosalas/.rbenv/versions/2.3.1/lib/ruby/gems/2.3.0/gems/parallel-1.9.0/lib
  9. /Users/pitosalas/.rbenv/versions/2.3.1/lib/ruby/gems/2.3.0/gems/nanoc-4.3.7/lib
  10. /Users/pitosalas/.rbenv/versions/2.3.1/lib/ruby/gems/2.3.0/gems/adsf-1.2.1/lib
  11. /Users/pitosalas/.rbenv/versions/2.3.1/lib/ruby/gems/2.3.0/gems/rack-1.6.5/lib
  12. /Users/pitosalas/.rbenv/versions/2.3.1/lib/ruby/gems/2.3.0/gems/structured_warnings-0.2.0/lib
  13. /Users/pitosalas/.rbenv/versions/2.3.1/lib/ruby/gems/2.3.0/gems/rubytree-0.9.7/lib
  14. /Users/pitosalas/.rbenv/versions/2.3.1/lib/ruby/gems/2.3.0/gems/mini_portile2-2.1.0/lib
  15. /Users/pitosalas/.rbenv/versions/2.3.1/lib/ruby/gems/2.3.0/gems/pkg-config-1.1.7/lib
  16. /Users/pitosalas/.rbenv/versions/2.3.1/lib/ruby/gems/2.3.0/gems/nokogiri-1.6.8/lib
  17. /Users/pitosalas/.rbenv/versions/2.3.1/lib/ruby/gems/2.3.0/extensions/x86_64-darwin-15/2.3.0-static/nokogiri-1.6.8
  18. /Users/pitosalas/.rbenv/versions/2.3.1/lib/ruby/gems/2.3.0/gems/kramdown-1.11.1/lib
  19. /Users/pitosalas/.rbenv/versions/2.3.1/lib/ruby/gems/2.3.0/gems/ffi-1.9.14/lib
  20. /Users/pitosalas/.rbenv/versions/2.3.1/lib/ruby/gems/2.3.0/extensions/x86_64-darwin-15/2.3.0-static/ffi-1.9.14
  21. /Users/pitosalas/.rbenv/versions/2.3.1/lib/ruby/gems/2.3.0/gems/rb-inotify-0.9.7/lib
  22. /Users/pitosalas/.rbenv/versions/2.3.1/lib/ruby/gems/2.3.0/gems/listen-3.1.5/lib
  23. /Users/pitosalas/.rbenv/versions/2.3.1/lib/ruby/gems/2.3.0/gems/coderay-1.1.1/lib
  24. /Users/pitosalas/.rbenv/versions/2.3.1/lib/ruby/gems/2.3.0/gems/slop-3.6.0/lib
  25. /Users/pitosalas/.rbenv/versions/2.3.1/lib/ruby/gems/2.3.0/gems/method_source-0.8.2/lib
  26. /Users/pitosalas/.rbenv/versions/2.3.1/lib/ruby/gems/2.3.0/gems/pry-0.10.4/lib
  27. /Users/pitosalas/.rbenv/versions/2.3.1/lib/ruby/gems/2.3.0/gems/lumberjack-1.0.10/lib
  28. /Users/pitosalas/.rbenv/versions/2.3.1/lib/ruby/gems/2.3.0/gems/formatador-0.2.5/lib
  29. /Users/pitosalas/.rbenv/versions/2.3.1/lib/ruby/gems/2.3.0/gems/nenv-0.3.0/lib
  30. /Users/pitosalas/.rbenv/versions/2.3.1/lib/ruby/gems/2.3.0/gems/shellany-0.0.1/lib
  31. /Users/pitosalas/.rbenv/versions/2.3.1/lib/ruby/gems/2.3.0/gems/notiffany-0.1.1/lib
  32. /Users/pitosalas/.rbenv/versions/2.3.1/lib/ruby/gems/2.3.0/gems/guard-2.14.0/lib
  33. /Users/pitosalas/.rbenv/versions/2.3.1/lib/ruby/gems/2.3.0/gems/guard-compat-1.2.1/lib
  34. /Users/pitosalas/.rbenv/versions/2.3.1/lib/ruby/gems/2.3.0/gems/guard-shell-0.7.1/lib
  35. /Users/pitosalas/.rbenv/versions/2.3.1/lib/ruby/gems/2.3.0/gems/thread_safe-0.3.5/lib
  36. /Users/pitosalas/.rbenv/versions/2.3.1/lib/ruby/gems/2.3.0/gems/tzinfo-1.2.2/lib
  37. /Users/pitosalas/.rbenv/versions/2.3.1/lib/ruby/gems/2.3.0/gems/icalendar-2.4.0/lib
  38. /Users/pitosalas/.rbenv/versions/2.3.1/lib/ruby/gems/2.3.0/gems/coursegen-0.4.0/lib
  39. /Users/pitosalas/.rbenv/versions/2.3.1/lib/ruby/gems/2.3.0/gems/byebug-9.0.6/lib
  40. /Users/pitosalas/.rbenv/versions/2.3.1/lib/ruby/gems/2.3.0/extensions/x86_64-darwin-15/2.3.0-static/byebug-9.0.6
  41. /Users/pitosalas/.rbenv/versions/2.3.1/lib/ruby/gems/2.3.0/gems/i18n-0.7.0/lib
  42. /Users/pitosalas/.rbenv/versions/2.3.1/lib/ruby/gems/2.3.0/gems/activesupport-5.0.0.1/lib
  43. /Users/pitosalas/.rbenv/versions/2.3.1/lib/ruby/site_ruby/2.3.0
  44. /Users/pitosalas/.rbenv/versions/2.3.1/lib/ruby/site_ruby/2.3.0/x86_64-darwin15
  45. /Users/pitosalas/.rbenv/versions/2.3.1/lib/ruby/site_ruby
  46. /Users/pitosalas/.rbenv/versions/2.3.1/lib/ruby/vendor_ruby/2.3.0
  47. /Users/pitosalas/.rbenv/versions/2.3.1/lib/ruby/vendor_ruby/2.3.0/x86_64-darwin15
  48. /Users/pitosalas/.rbenv/versions/2.3.1/lib/ruby/vendor_ruby
  49. /Users/pitosalas/.rbenv/versions/2.3.1/lib/ruby/2.3.0
  50. /Users/pitosalas/.rbenv/versions/2.3.1/lib/ruby/2.3.0/x86_64-darwin15
